<html>
<head>
<title>TestNG:  HomePageChecks - Chrome</title>
<link href="../testng.css" rel="stylesheet" type="text/css" />
<link href="../my-testng.css" rel="stylesheet" type="text/css" />

<style type="text/css">
.log { display: none;} 
.stack-trace { display: none;} 
</style>
<script type="text/javascript">
<!--
function flip(e) {
  current = e.style.display;
  if (current == 'block') {
    e.style.display = 'none';
    return 0;
  }
  else {
    e.style.display = 'block';
    return 1;
  }
}

function toggleBox(szDivId, elem, msg1, msg2)
{
  var res = -1;  if (document.getElementById) {
    res = flip(document.getElementById(szDivId));
  }
  else if (document.all) {
    // this is the way old msie versions work
    res = flip(document.all[szDivId]);
  }
  if(elem) {
    if(res == 0) elem.innerHTML = msg1; else elem.innerHTML = msg2;
  }

}

function toggleAllBoxes() {
  if (document.getElementsByTagName) {
    d = document.getElementsByTagName('div');
    for (i = 0; i < d.length; i++) {
      if (d[i].className == 'log') {
        flip(d[i]);
      }
    }
  }
}

// -->
</script>

</head>
<body>
<h2 align='center'>HomePageChecks - Chrome</h2><table border='1' align="center">
<tr>
<td>Tests passed/Failed/Skipped:</td><td>5/1/0</td>
</tr><tr>
<td>Started on:</td><td>Fri Mar 20 11:04:49 GMT 2020</td>
</tr>
<tr><td>Total time:</td><td>24 seconds (24446 ms)</td>
</tr><tr>
<td>Included groups:</td><td></td>
</tr><tr>
<td>Excluded groups:</td><td></td>
</tr>
</table><p/>
<small><i>(Hover the method name to see the test class name)</i></small><p/>
<table width='100%' border='1' class='invocation-failed'>
<tr><td colspan='4' align='center'><b>FAILED TESTS</b></td></tr>
<tr><td><b>Test method</b></td>
<td width="30%"><b>Exception</b></td>
<td width="10%"><b>Time (seconds)</b></td>
<td><b>Instance</b></td>
</tr>
<tr>
<td title='express_cart.ui.homepage.test.HomePageCheck.changeLanguageToItalian()'><b>changeLanguageToItalian</b><br>Test class: express_cart.ui.homepage.test.HomePageCheck</td>
<td><div><pre>java.lang.AssertionError: stale element reference: element is not attached to the page document
  (Session info: chrome=80.0.3987.149)
For documentation on this error, please visit: https://www.seleniumhq.org/exceptions/stale_element_reference.html
Build info: version: &apos;3.141.59&apos;, revision: &apos;e82be7d358&apos;, time: &apos;2018-11-14T08:17:03&apos;
System info: host: &apos;w.local&apos;, ip: &apos;fe80:0:0:0:1804:8926:a6e3:88ef%en0&apos;, os.name: &apos;Mac OS X&apos;, os.arch: &apos;x86_64&apos;, os.version: &apos;10.15.3&apos;, java.version: &apos;1.8.0_231&apos;
Driver info: org.openqa.selenium.chrome.ChromeDriver
Capabilities {acceptInsecureCerts: false, browserName: chrome, browserVersion: 80.0.3987.149, chrome: {chromedriverVersion: 80.0.3987.106 (f68069574609..., userDataDir: /var/folders/94/074dgbqd7qq...}, goog:chromeOptions: {debuggerAddress: localhost:65031}, javascriptEnabled: true, networkConnectionEnabled: false, pageLoadStrategy: normal, platform: MAC, platformName: MAC, proxy: Proxy(), setWindowRect: true, strictFileInteractability: false, timeouts: {implicit: 0, pageLoad: 300000, script: 30000}, unhandledPromptBehavior: dismiss and notify}
Session ID: 32b01a501ffc65cee21e436a28c5526e
	at express_cart.ui.homepage.test.HomePageCheck.changeLanguageToItalian(HomePageCheck.java:86)
	at java.util.ArrayList.forEach(ArrayList.java:1257)
Caused by: org.openqa.selenium.StaleElementReferenceException: stale element reference: element is not attached to the page document
  (Session info: chrome=80.0.3987.149)
For documentation on this error, please visit: https://www.seleniumhq.org/exceptions/stale_element_reference.html
Build info: version: &apos;3.141.59&apos;, revision: &apos;e82be7d358&apos;, time: &apos;2018-11-14T08:17:03&apos;
System info: host: &apos;w.local&apos;, ip: &apos;fe80:0:0:0:1804:8926:a6e3:88ef%en0&apos;, os.name: &apos;Mac OS X&apos;, os.arch: &apos;x86_64&apos;, os.version: &apos;10.15.3&apos;, java.version: &apos;1.8.0_231&apos;
Driver info: org.openqa.selenium.chrome.ChromeDriver
Capabilities {acceptInsecureCerts: false, browserName: chrome, browserVersion: 80.0.3987.149, chrome: {chromedriverVersion: 80.0.3987.106 (f68069574609..., userDataDir: /var/folders/94/074dgbqd7qq...}, goog:chromeOptions: {debuggerAddress: localhost:65031}, javascriptEnabled: true, networkConnectionEnabled: false, pageLoadStrategy: normal, platform: MAC, platformName: MAC, proxy: Proxy(), setWindowRect: true, strictFileInteractability: false, timeouts: {implicit: 0, pageLoad: 300000, script: 30000}, unhandledPromptBehavior: dismiss and notify}
Session ID: 32b01a501ffc65cee21e436a28c5526e
	at org.openqa.selenium.remote.http.W3CHttpResponseCodec.createException(W3CHttpResponseCodec.java:187)
	at org.openqa.selenium.remote.http.W3CHttpResponseCodec.decode(W3CHttpResponseCodec.java:122)
	at org.openqa.selenium.remote.http.W3CHttpResponseCodec.decode(W3CHttpResponseCodec.java:49)
	at org.openqa.selenium.remote.HttpCommandExecutor.execute(HttpCommandExecutor.java:158)
	at org.openqa.selenium.remote.service.DriverCommandExecutor.execute(DriverCommandExecutor.java:83)
	at org.openqa.selenium.remote.RemoteWebDriver.execute(RemoteWebDriver.java:552)
	at org.openqa.selenium.remote.RemoteWebElement.execute(RemoteWebElement.java:285)
	at org.openqa.selenium.remote.RemoteWebElement.getText(RemoteWebElement.java:166)
	at express_cart.pages.HomePage.changeLanguage(HomePage.java:129)
	at express_cart.ui.homepage.test.HomePageCheck.changeLanguageToItalian(HomePageCheck.java:78)
	... 28 more
... Removed 32 stack frames</pre></div><a href='#' onClick='toggleBox("stack-trace622263400", this, "Click to show all stack frames", "Click to hide stack frames")'>Click to show all stack frames</a>
<div class='stack-trace' id='stack-trace622263400'><pre>java.lang.AssertionError: stale element reference: element is not attached to the page document
  (Session info: chrome=80.0.3987.149)
For documentation on this error, please visit: https://www.seleniumhq.org/exceptions/stale_element_reference.html
Build info: version: &apos;3.141.59&apos;, revision: &apos;e82be7d358&apos;, time: &apos;2018-11-14T08:17:03&apos;
System info: host: &apos;w.local&apos;, ip: &apos;fe80:0:0:0:1804:8926:a6e3:88ef%en0&apos;, os.name: &apos;Mac OS X&apos;, os.arch: &apos;x86_64&apos;, os.version: &apos;10.15.3&apos;, java.version: &apos;1.8.0_231&apos;
Driver info: org.openqa.selenium.chrome.ChromeDriver
Capabilities {acceptInsecureCerts: false, browserName: chrome, browserVersion: 80.0.3987.149, chrome: {chromedriverVersion: 80.0.3987.106 (f68069574609..., userDataDir: /var/folders/94/074dgbqd7qq...}, goog:chromeOptions: {debuggerAddress: localhost:65031}, javascriptEnabled: true, networkConnectionEnabled: false, pageLoadStrategy: normal, platform: MAC, platformName: MAC, proxy: Proxy(), setWindowRect: true, strictFileInteractability: false, timeouts: {implicit: 0, pageLoad: 300000, script: 30000}, unhandledPromptBehavior: dismiss and notify}
Session ID: 32b01a501ffc65cee21e436a28c5526e
	at org.testng.Assert.fail(Assert.java:85)
	at express_cart.ui.homepage.test.HomePageCheck.changeLanguageToItalian(HomePageCheck.java:86)
	at sun.reflect.NativeMethodAccessorImpl.invoke0(Native Method)
	at sun.reflect.NativeMethodAccessorImpl.invoke(NativeMethodAccessorImpl.java:62)
	at sun.reflect.DelegatingMethodAccessorImpl.invoke(DelegatingMethodAccessorImpl.java:43)
	at java.lang.reflect.Method.invoke(Method.java:498)
	at org.testng.internal.MethodInvocationHelper.invokeMethod(MethodInvocationHelper.java:133)
	at org.testng.internal.TestInvoker.invokeMethod(TestInvoker.java:584)
	at org.testng.internal.TestInvoker.invokeTestMethod(TestInvoker.java:172)
	at org.testng.internal.MethodRunner.runInSequence(MethodRunner.java:46)
	at org.testng.internal.TestInvoker$MethodInvocationAgent.invoke(TestInvoker.java:804)
	at org.testng.internal.TestInvoker.invokeTestMethods(TestInvoker.java:145)
	at org.testng.internal.TestMethodWorker.invokeTestMethods(TestMethodWorker.java:146)
	at org.testng.internal.TestMethodWorker.run(TestMethodWorker.java:128)
	at java.util.ArrayList.forEach(ArrayList.java:1257)
	at org.testng.TestRunner.privateRun(TestRunner.java:770)
	at org.testng.TestRunner.run(TestRunner.java:591)
	at org.testng.SuiteRunner.runTest(SuiteRunner.java:402)
	at org.testng.SuiteRunner.runSequentially(SuiteRunner.java:396)
	at org.testng.SuiteRunner.privateRun(SuiteRunner.java:355)
	at org.testng.SuiteRunner.run(SuiteRunner.java:304)
	at org.testng.SuiteRunnerWorker.runSuite(SuiteRunnerWorker.java:53)
	at org.testng.SuiteRunnerWorker.run(SuiteRunnerWorker.java:96)
	at org.testng.TestNG.runSuitesSequentially(TestNG.java:1180)
	at org.testng.TestNG.runSuitesLocally(TestNG.java:1102)
	at org.testng.TestNG.runSuites(TestNG.java:1032)
	at org.testng.TestNG.run(TestNG.java:1000)
	at org.testng.remote.AbstractRemoteTestNG.run(AbstractRemoteTestNG.java:115)
	at org.testng.remote.RemoteTestNG.initAndRun(RemoteTestNG.java:251)
	at org.testng.remote.RemoteTestNG.main(RemoteTestNG.java:77)
Caused by: org.openqa.selenium.StaleElementReferenceException: stale element reference: element is not attached to the page document
  (Session info: chrome=80.0.3987.149)
For documentation on this error, please visit: https://www.seleniumhq.org/exceptions/stale_element_reference.html
Build info: version: &apos;3.141.59&apos;, revision: &apos;e82be7d358&apos;, time: &apos;2018-11-14T08:17:03&apos;
System info: host: &apos;w.local&apos;, ip: &apos;fe80:0:0:0:1804:8926:a6e3:88ef%en0&apos;, os.name: &apos;Mac OS X&apos;, os.arch: &apos;x86_64&apos;, os.version: &apos;10.15.3&apos;, java.version: &apos;1.8.0_231&apos;
Driver info: org.openqa.selenium.chrome.ChromeDriver
Capabilities {acceptInsecureCerts: false, browserName: chrome, browserVersion: 80.0.3987.149, chrome: {chromedriverVersion: 80.0.3987.106 (f68069574609..., userDataDir: /var/folders/94/074dgbqd7qq...}, goog:chromeOptions: {debuggerAddress: localhost:65031}, javascriptEnabled: true, networkConnectionEnabled: false, pageLoadStrategy: normal, platform: MAC, platformName: MAC, proxy: Proxy(), setWindowRect: true, strictFileInteractability: false, timeouts: {implicit: 0, pageLoad: 300000, script: 30000}, unhandledPromptBehavior: dismiss and notify}
Session ID: 32b01a501ffc65cee21e436a28c5526e
	at sun.reflect.NativeConstructorAccessorImpl.newInstance0(Native Method)
	at sun.reflect.NativeConstructorAccessorImpl.newInstance(NativeConstructorAccessorImpl.java:62)
	at sun.reflect.DelegatingConstructorAccessorImpl.newInstance(DelegatingConstructorAccessorImpl.java:45)
	at java.lang.reflect.Constructor.newInstance(Constructor.java:423)
	at org.openqa.selenium.remote.http.W3CHttpResponseCodec.createException(W3CHttpResponseCodec.java:187)
	at org.openqa.selenium.remote.http.W3CHttpResponseCodec.decode(W3CHttpResponseCodec.java:122)
	at org.openqa.selenium.remote.http.W3CHttpResponseCodec.decode(W3CHttpResponseCodec.java:49)
	at org.openqa.selenium.remote.HttpCommandExecutor.execute(HttpCommandExecutor.java:158)
	at org.openqa.selenium.remote.service.DriverCommandExecutor.execute(DriverCommandExecutor.java:83)
	at org.openqa.selenium.remote.RemoteWebDriver.execute(RemoteWebDriver.java:552)
	at org.openqa.selenium.remote.RemoteWebElement.execute(RemoteWebElement.java:285)
	at org.openqa.selenium.remote.RemoteWebElement.getText(RemoteWebElement.java:166)
	at express_cart.pages.HomePage.changeLanguage(HomePage.java:129)
	at express_cart.ui.homepage.test.HomePageCheck.changeLanguageToItalian(HomePageCheck.java:78)
	... 28 more
</pre></div></td>
<td>0</td>
<td>express_cart.ui.homepage.test.HomePageCheck@7ee955a8</td></tr>
</table><p>
<table width='100%' border='1' class='invocation-passed'>
<tr><td colspan='4' align='center'><b>PASSED TESTS</b></td></tr>
<tr><td><b>Test method</b></td>
<td width="30%"><b>Exception</b></td>
<td width="10%"><b>Time (seconds)</b></td>
<td><b>Instance</b></td>
</tr>
<tr>
<td title='express_cart.ui.homepage.test.HomePageCheck.changeLanguageToItalian()'><b>changeLanguageToItalian</b><br>Test class: express_cart.ui.homepage.test.HomePageCheck</td>
<td></td>
<td>3</td>
<td>express_cart.ui.homepage.test.HomePageCheck@1fe20588</td></tr>
<tr>
<td title='express_cart.ui.homepage.test.HomePageCheck.checkCart()'><b>checkCart</b><br>Test class: express_cart.ui.homepage.test.HomePageCheck</td>
<td></td>
<td>0</td>
<td>express_cart.ui.homepage.test.HomePageCheck@1fe20588</td></tr>
<tr>
<td title='express_cart.ui.homepage.test.HomePageCheck.checkCart()'><b>checkCart</b><br>Test class: express_cart.ui.homepage.test.HomePageCheck</td>
<td></td>
<td>0</td>
<td>express_cart.ui.homepage.test.HomePageCheck@7ee955a8</td></tr>
<tr>
<td title='express_cart.ui.homepage.test.HomePageCheck.checkHomePage()'><b>checkHomePage</b><br>Test class: express_cart.ui.homepage.test.HomePageCheck</td>
<td></td>
<td>1</td>
<td>express_cart.ui.homepage.test.HomePageCheck@1fe20588</td></tr>
<tr>
<td title='express_cart.ui.homepage.test.HomePageCheck.checkHomePage()'><b>checkHomePage</b><br>Test class: express_cart.ui.homepage.test.HomePageCheck</td>
<td></td>
<td>0</td>
<td>express_cart.ui.homepage.test.HomePageCheck@7ee955a8</td></tr>
<tr>
<td title='express_cart.ui.homepage.test.HomePageCheck.checkNavigationMenu()'><b>checkNavigationMenu</b><br>Test class: express_cart.ui.homepage.test.HomePageCheck</td>
<td></td>
<td>0</td>
<td>express_cart.ui.homepage.test.HomePageCheck@1fe20588</td></tr>
<tr>
<td title='express_cart.ui.homepage.test.HomePageCheck.checkNavigationMenu()'><b>checkNavigationMenu</b><br>Test class: express_cart.ui.homepage.test.HomePageCheck</td>
<td></td>
<td>0</td>
<td>express_cart.ui.homepage.test.HomePageCheck@7ee955a8</td></tr>
<tr>
<td title='express_cart.ui.homepage.test.HomePageCheck.checkProduct()'><b>checkProduct</b><br>Test class: express_cart.ui.homepage.test.HomePageCheck</td>
<td></td>
<td>0</td>
<td>express_cart.ui.homepage.test.HomePageCheck@1fe20588</td></tr>
<tr>
<td title='express_cart.ui.homepage.test.HomePageCheck.checkProduct()'><b>checkProduct</b><br>Test class: express_cart.ui.homepage.test.HomePageCheck</td>
<td></td>
<td>0</td>
<td>express_cart.ui.homepage.test.HomePageCheck@7ee955a8</td></tr>
<tr>
<td title='express_cart.ui.homepage.test.HomePageCheck.checkShopName()'><b>checkShopName</b><br>Test class: express_cart.ui.homepage.test.HomePageCheck</td>
<td></td>
<td>0</td>
<td>express_cart.ui.homepage.test.HomePageCheck@1fe20588</td></tr>
<tr>
<td title='express_cart.ui.homepage.test.HomePageCheck.checkShopName()'><b>checkShopName</b><br>Test class: express_cart.ui.homepage.test.HomePageCheck</td>
<td></td>
<td>0</td>
<td>express_cart.ui.homepage.test.HomePageCheck@7ee955a8</td></tr>
</table><p>
</body>
</html>